This is pdfTeX, Version 3.141592653-2.6-1.40.24 (TeX Live 2022) (preloaded format=pdflatex 2022.11.9)  29 NOV 2022 09:26
entering extended mode
 restricted \write18 enabled.
 %&-line parsing enabled.
**"/Users/yousef/Library/Mobile Documents/iCloud~md~obsidian/Documents/Mathemat
ics/Lineare Algebra/Notizen/29.11.22.md"

! Emergency stop.
<to be read again> 
                   \protect 
<*> ...ers/yousef/Library/Mobile Documents/iCloud~
                                                  md~obsidian/Documents/Math...
End of file on the terminal!

 
Here is how much of TeX's memory you used:
 4 strings out of 479719
 143 string characters out of 5880574
 285622 words of memory out of 5000000
 18104 multiletter control sequences out of 15000+600000
 469259 words of font info for 28 fonts, out of 8000000 for 9000
 319 hyphenation exceptions out of 8191
 3i,0n,0p,1b,6s stack positions out of 10000i,1000n,20000p,200000b,200000s
!  ==> Fatal error occurred, no output PDF file produced!
